TN:
SF:lib/routing/extractKey.js
FN:3,extractKey
FNF:1
FNH:1
FNDA:1,extractKey
DA:1,1
DA:2,1
DA:3,1
DA:4,1
DA:5,1
DA:6,1
DA:7,1
DA:8,1
DA:9,1
DA:10,1
DA:11,1
DA:12,1
DA:13,1
DA:14,1
DA:15,1
DA:16,1
DA:17,1
DA:18,1
DA:19,1
DA:20,1
DA:21,1
DA:22,1
DA:23,1
DA:24,1
DA:25,1
DA:26,1
DA:27,1
DA:28,1
DA:29,1
DA:30,1
DA:31,1
DA:32,1
DA:33,1
DA:34,1
DA:35,1
DA:36,1
DA:37,1
DA:38,1
LF:38
LH:38
BRDA:1,0,0,1
BRDA:3,1,0,1
BRF:2
BRH:2
end_of_record
TN:
SF:lib/routing/readCsv.js
FN:5,readCsv
FN:9,columns
FNF:2
FNH:2
FNDA:6,readCsv
FNDA:6,columns
DA:1,1
DA:2,1
DA:3,1
DA:4,1
DA:5,6
DA:6,6
DA:7,6
DA:8,6
DA:9,6
DA:10,6
DA:11,6
DA:12,6
DA:13,6
DA:14,6
DA:15,6
DA:16,6
DA:17,1
DA:18,1
LF:18
LH:18
BRDA:1,0,0,1
BRDA:5,1,0,6
BRDA:9,2,0,6
BRDA:9,3,0,71
BRF:4
BRH:4
end_of_record
TN:
SF:lib/routing/readDimensionFilters.js
FN:4,readDimensionFilters
FNF:1
FNH:1
FNDA:2,readDimensionFilters
DA:1,1
DA:2,1
DA:3,1
DA:4,2
DA:5,2
DA:6,2
DA:7,2
DA:8,2
DA:9,2
DA:10,46
DA:11,46
DA:12,46
DA:13,42
DA:14,42
DA:15,4
DA:16,4
DA:17,4
DA:18,46
DA:19,6
DA:20,6
DA:21,6
DA:22,6
DA:23,6
DA:24,4
DA:25,4
DA:26,4
DA:27,4
DA:28,6
DA:29,2
DA:30,2
DA:31,2
DA:32,6
DA:33,4
DA:34,2
DA:35,2
DA:36,2
DA:37,1
DA:38,1
LF:38
LH:38
BRDA:1,0,0,1
BRDA:4,1,0,2
BRDA:9,2,0,46
BRDA:12,3,0,42
BRDA:15,4,0,4
BRDA:18,5,0,6
BRDA:23,6,0,4
BRDA:28,7,0,2
BRDA:33,8,0,4
BRDA:16,9,0,6
BRF:10
BRH:10
end_of_record
TN:
SF:lib/routing/readRoutes.js
FN:5,readRoutes
FN:14,addDimension
FNF:2
FNH:2
FNDA:3,readRoutes
FNDA:435,addDimension
DA:1,1
DA:2,1
DA:3,1
DA:4,1
DA:5,3
DA:6,3
DA:7,3
DA:8,3
DA:9,3
DA:10,3
DA:11,87
DA:12,87
DA:13,87
DA:14,87
DA:15,435
DA:16,435
DA:17,435
DA:18,435
DA:19,435
DA:20,435
DA:21,435
DA:22,435
DA:23,435
DA:24,87
DA:25,87
DA:26,87
DA:27,87
DA:28,87
DA:29,87
DA:30,87
DA:31,87
DA:32,87
DA:33,87
DA:34,87
DA:35,78
DA:36,87
DA:37,9
DA:38,9
DA:39,87
DA:40,3
DA:41,3
DA:42,3
DA:43,1
DA:44,1
LF:44
LH:44
BRDA:1,0,0,1
BRDA:5,1,0,3
BRDA:10,2,0,87
BRDA:34,3,0,78
BRDA:36,4,0,9
BRDA:14,5,0,435
BRDA:15,6,0,309
BRDA:22,7,0,8
BRF:8
BRH:8
end_of_record
TN:
SF:lib/routing/toFilterId.js
FN:1,toFilterId
FNF:1
FNH:1
FNDA:442,toFilterId
DA:1,442
DA:2,442
DA:3,442
DA:4,1
DA:5,1
LF:5
LH:5
BRDA:1,0,0,1
BRDA:1,1,0,442
BRF:2
BRH:2
end_of_record
TN:
SF:lib/routing/toRouteId.js
FN:1,toRouteId
FNF:1
FNH:1
FNDA:89,toRouteId
DA:1,89
DA:2,89
DA:3,89
DA:4,89
DA:5,89
DA:6,89
DA:7,89
DA:8,89
DA:9,89
DA:10,89
DA:11,89
DA:12,89
DA:13,89
DA:14,89
DA:15,89
DA:16,89
DA:17,89
DA:18,1
DA:19,1
LF:19
LH:19
BRDA:1,0,0,1
BRDA:1,1,0,89
BRDA:11,2,0,10
BRDA:12,3,0,49
BRDA:13,4,0,79
BRDA:14,5,0,88
BRDA:15,6,0,88
BRF:7
BRH:7
end_of_record
